{
  "RSpec": {
    "coverage": {
      "/home/student/Projects/Building-Oregon/app/helpers/application_helper.rb": [
        1,
        null
      ],
      "/home/student/Projects/Building-Oregon/app/controllers/catalog_controller.rb": [
        null,
        null,
        1,
        1,
        null,
        1,
        null,
        1,
        null,
        1,
        null,
        null,
        null,
        null,
        null,
        null
      ],
      "/home/student/Projects/Building-Oregon/app/controllers/application_controller.rb": [
        1,
        null,
        1,
        null,
        null,
        null,
        1,
        null,
        null,
        1,
        null,
        null,
        1,
        null,
        null,
        1,
        null
      ],
      "/home/student/Projects/Building-Oregon/app/models/solr_document.rb": [
        null,
        1,
        null,
        1,
        null,
        1,
        1,
        1,
        0,
        null,
        null,
        1,
        null,
        null,
        null,
        null,
        null,
        null,
        null,
        null,
        null,
        null,
        null,
        1,
        null,
        null,
        1,
        null,
        null,
        null,
        null,
        null,
        null,
        1,
        null,
        null
      ]
    },
    "timestamp": 1415130324
  }
}
